<?xml version="1.0" encoding="UTF-8"?>
<!-- Generated by org.testng.reporters.JUnitReportReporter -->
<testsuite skipped="1" hostname="ramsunkara" name="ReportsRS.ExtentReportDemo" tests="3" failures="0" timestamp="22 Jun 2019 19:03:58 GMT" time="5.803" errors="1">
  <testcase name="testcase2" time="5.624" classname="ReportsRS.ExtentReportDemo">
    <error type="org.testng.internal.thread.ThreadTimeoutException" message="Method ReportsRS.ExtentReportDemo.testcase2() didn&#039;t finish within the time-out 5000">
      <![CDATA[org.testng.internal.thread.ThreadTimeoutException: Method ReportsRS.ExtentReportDemo.testcase2() didn't finish within the time-out 5000
]]>
    </error>
  </testcase> <!-- testcase2 -->
  <testcase name="testcase3" time="0.096" classname="ReportsRS.ExtentReportDemo">
    <skipped/>
  </testcase> <!-- testcase3 -->
  <testcase name="testcase1" time="0.083" classname="ReportsRS.ExtentReportDemo"/>
</testsuite> <!-- ReportsRS.ExtentReportDemo -->
